*** Using Compiler 'V6.23', folder: 'C:\Users\liuch\AppData\Local\Keil_v5\ARM\ARMCLANG\Bin'
Rebuild target 'R1_Light_Board_Slave'
compiling dma.c...
compiling fdcan.c...
compiling stm32g4xx_hal_msp.c...
compiling gpio.c...
assembling startup_stm32g474xx.s...
compiling stm32g4xx_hal_flash_ramfunc.c...
compiling stm32g4xx_hal_flash_ex.c...
compiling stm32g4xx_it.c...
compiling tim.c...
compiling stm32g4xx_hal.c...
compiling stm32g4xx_hal_flash.c...
compiling main.c...
compiling stm32g4xx_hal_rcc_ex.c...
compiling stm32g4xx_hal_rcc.c...
compiling stm32g4xx_hal_fdcan.c...
compiling stm32g4xx_hal_gpio.c...
compiling stm32g4xx_hal_exti.c...
compiling stm32g4xx_hal_dma_ex.c...
compiling stm32g4xx_hal_dma.c...
compiling Color.c...
compiling stm32g4xx_hal_pwr.c...
compiling stm32g4xx_hal_cortex.c...
compiling stm32g4xx_hal_pwr_ex.c...
compiling system_stm32g4xx.c...
compiling WS2812.c...
compiling FDan_bsp.c...
compiling stm32g4xx_hal_tim_ex.c...
compiling stm32g4xx_hal_tim.c...
linking...
Program Size: Code=15562 RO-data=646 RW-data=104 ZI-data=3032  
FromELF: creating hex file...
"R1_Light_Board_Slave\R1_Light_Board_Slave.axf" - 0 Error(s), 0 Warning(s).
Build Time Elapsed:  00:00:03
